\BOOKMARK [1][-]{section.1}{\376\377\000I\000n\000t\000r\000o\000d\000u\000c\000t\000i\000o\000n}{}% 1
\BOOKMARK [2][-]{subsection.1.1}{\376\377\000R\000e\000c\000a\000p}{section.1}% 2
\BOOKMARK [1][-]{section.2}{\376\377\000L\000e\000b\000e\000s\000g\000u\000e\000\040\000i\000n\000t\000e\000g\000r\000a\000l\000s}{}% 3
\BOOKMARK [2][-]{subsection.2.1}{\376\377\000R\000e\000c\000a\000p\000:\000\040\000D\000e\000f\000i\000n\000i\000t\000i\000o\000n\000\040\000o\000f\000\040\000L\000e\000b\000e\000s\000g\000u\000e\000\040\000i\000n\000t\000e\000g\000r\000a\000l\000s}{section.2}% 4
\BOOKMARK [2][-]{subsection.2.2}{\376\377\000D\000o\000m\000i\000n\000a\000t\000e\000d\000\040\000c\000o\000n\000v\000e\000r\000g\000e\000n\000c\000e\000\040\000t\000h\000e\000o\000r\000e\000m}{section.2}% 5
\BOOKMARK [2][-]{subsection.2.3}{\376\377\000I\000n\000t\000e\000g\000r\000a\000b\000l\000e\000\040\000f\000u\000n\000c\000t\000i\000o\000n\000\040\000s\000p\000a\000c\000e\000\040\000L\0001\000\050\000E\000\051}{section.2}% 6
\BOOKMARK [1][-]{section.3}{\376\377\000F\000u\000b\000i\000n\000i\000'\000s\000\040\000t\000h\000e\000o\000r\000e\000m}{}% 7
\BOOKMARK [2][-]{subsection.3.1}{\376\377\000A\000p\000p\000l\000i\000c\000a\000t\000i\000o\000n\000s\000\040\000o\000f\000\040\000F\000u\000b\000i\000n\000i\000'\000s\000\040\000t\000h\000e\000o\000r\000e\000m}{section.3}% 8
\BOOKMARK [1][-]{section.4}{\376\377\000L\000e\000b\000e\000s\000g\000u\000e\000\040\000d\000i\000f\000f\000e\000r\000e\000n\000t\000i\000a\000t\000i\000o\000n}{}% 9
\BOOKMARK [2][-]{subsection.4.1}{\376\377\000L\000e\000b\000e\000s\000g\000u\000e\000\040\000D\000i\000f\000f\000e\000r\000e\000n\000t\000i\000a\000t\000i\000o\000n\000\040\000t\000h\000e\000o\000r\000e\000m\000\040\000f\000o\000r\000\040\000m\000o\000n\000o\000t\000o\000n\000e\000\040\000f\000u\000n\000c\000t\000i\000o\000n\000s}{section.4}% 10
\BOOKMARK [2][-]{subsection.4.2}{\376\377\000A\000b\000s\000o\000l\000u\000t\000e\000\040\000c\000o\000n\000t\000i\000n\000u\000o\000u\000s\000\040\000f\000u\000n\000c\000t\000i\000o\000n\000s}{section.4}% 11
\BOOKMARK [1][-]{section.5}{\376\377\000M\000u\000l\000t\000i\000-\000d\000i\000m\000e\000n\000s\000i\000o\000n\000a\000l\000\040\000C\000a\000l\000c\000u\000l\000u\000s}{}% 12
\BOOKMARK [2][-]{subsection.5.1}{\376\377\000D\000i\000r\000e\000c\000t\000i\000o\000n\000a\000l\000\040\000d\000e\000r\000i\000v\000a\000t\000i\000v\000e\000s}{section.5}% 13
\BOOKMARK [2][-]{subsection.5.2}{\376\377\000J\000a\000c\000o\000b\000i\000\040\000m\000a\000t\000r\000i\000c\000e\000s}{section.5}% 14
\BOOKMARK [2][-]{subsection.5.3}{\376\377\000I\000m\000p\000l\000i\000c\000i\000t\000\040\000f\000u\000n\000c\000t\000i\000o\000n\000\040\000t\000h\000e\000o\000r\000e\000m}{section.5}% 15
\BOOKMARK [2][-]{subsection.5.4}{\376\377\000S\000u\000b\000m\000a\000n\000i\000f\000o\000l\000d\000s\000\040\000i\000n\000\040\000E\000u\000c\000l\000i\000d\000\040\000s\000p\000a\000c\000e}{section.5}% 16
\BOOKMARK [2][-]{subsection.5.5}{\376\377\000T\000a\000n\000g\000e\000n\000t\000\040\000s\000p\000a\000c\000e}{section.5}% 17
\BOOKMARK [2][-]{subsection.5.6}{\376\377\000S\000m\000o\000o\000t\000h\000\040\000m\000a\000p\000s\000\040\000b\000e\000t\000w\000e\000e\000n\000\040\000m\000a\000n\000i\000f\000o\000l\000d\000s}{section.5}% 18
\BOOKMARK [2][-]{subsection.5.7}{\376\377\000C\000o\000n\000d\000i\000t\000i\000o\000n\000a\000l\000\040\000e\000x\000t\000r\000e\000m\000u\000m\000\040\000p\000r\000o\000b\000l\000e\000m}{section.5}% 19
\BOOKMARK [2][-]{subsection.5.8}{\376\377\000C\000o\000n\000v\000e\000x\000\040\000f\000u\000n\000c\000t\000i\000o\000n\000s}{section.5}% 20
\BOOKMARK [1][-]{section.6}{\376\377\000I\000n\000t\000e\000g\000r\000a\000l\000s\000\040\000o\000n\000\040\000s\000u\000r\000f\000a\000c\000e\000s}{}% 21
\BOOKMARK [2][-]{subsection.6.1}{\376\377\000M\000e\000a\000s\000u\000r\000e\000s\000\040\000o\000n\000\040\000m\000a\000n\000i\000f\000o\000l\000d\000s}{section.6}% 22
\BOOKMARK [2][-]{subsection.6.2}{\376\377\000S\000t\000o\000l\000k\000e\000s\000'\000\040\000f\000o\000r\000m\000u\000l\000a}{section.6}% 23
\BOOKMARK [2][-]{subsection.6.3}{\376\377\000D\000i\000f\000f\000e\000r\000e\000n\000t\000i\000a\000l\000\040\000f\000o\000r\000m\000s}{section.6}% 24
