This is pdfTeX, Version 3.141592653-2.6-1.40.24 (TeX Live 2022) (preloaded format=latex 2023.2.20)  21 FEB 2023 16:43
entering extended mode
 restricted \write18 enabled.
 %&-line parsing enabled.
**\scrollmode

*
(Please type a command or say `\end')
*\documentclass[12pt]{article}

*\let\paperwidthsave\paperwidth\let\paperwidth\undefined
(/usr/local/texlive/2022/texmf-dist/tex/latex/base/article.cls
Document Class: article 2022/07/02 v1.4n Standard LaTeX document class
(/usr/local/texlive/2022/texmf-dist/tex/latex/base/size12.clo
File: size12.clo 2022/07/02 v1.4n Standard LaTeX file (size option)
)
\c@part=\count185
\c@section=\count186
\c@subsection=\count187
\c@subsubsection=\count188
\c@paragraph=\count189
\c@subparagraph=\count190
\c@figure=\count191
\c@table=\count192
\abovecaptionskip=\skip48
\belowcaptionskip=\skip49
\bibindent=\dimen140
)
*\usepackage{graphicx}

*\let\paperwidth\paperwidthsave
(/usr/local/texlive/2022/texmf-dist/tex/latex/graphics/graphicx.sty
Package: graphicx 2021/09/16 v1.2d Enhanced LaTeX Graphics (DPC,SPQR)

(/usr/local/texlive/2022/texmf-dist/tex/latex/graphics/keyval.sty
Package: keyval 2022/05/29 v1.15 key=value parser (DPC)
\KV@toks@=\toks16
)
(/usr/local/texlive/2022/texmf-dist/tex/latex/graphics/graphics.sty
Package: graphics 2022/03/10 v1.4e Standard LaTeX Graphics (DPC,SPQR)

(/usr/local/texlive/2022/texmf-dist/tex/latex/graphics/trig.sty
Package: trig 2021/08/11 v1.11 sin cos tan (DPC)
)
(/usr/local/texlive/2022/texmf-dist/tex/latex/graphics-cfg/graphics.cfg
File: graphics.cfg 2016/06/04 v1.11 sample graphics configuration
)
Package graphics Info: Driver file: dvips.def on input line 107.

(/usr/local/texlive/2022/texmf-dist/tex/latex/graphics-def/dvips.def
File: dvips.def 2022/09/22 v3.1e Graphics/color driver for dvips
))
\Gin@req@height=\dimen141
\Gin@req@width=\dimen142
)
*\usepackage{amsmath}

*
(/usr/local/texlive/2022/texmf-dist/tex/latex/amsmath/amsmath.sty
Package: amsmath 2022/04/08 v2.17n AMS math features
\@mathmargin=\skip50

For additional information on amsmath, use the `?' option.
(/usr/local/texlive/2022/texmf-dist/tex/latex/amsmath/amstext.sty
Package: amstext 2021/08/26 v2.01 AMS text

(/usr/local/texlive/2022/texmf-dist/tex/latex/amsmath/amsgen.sty
File: amsgen.sty 1999/11/30 v2.0 generic functions
\@emptytoks=\toks17
\ex@=\dimen143
))
(/usr/local/texlive/2022/texmf-dist/tex/latex/amsmath/amsbsy.sty
Package: amsbsy 1999/11/29 v1.2d Bold Symbols
\pmbraise@=\dimen144
)
(/usr/local/texlive/2022/texmf-dist/tex/latex/amsmath/amsopn.sty
Package: amsopn 2022/04/08 v2.04 operator names
)
\inf@bad=\count193
LaTeX Info: Redefining \frac on input line 234.
\uproot@=\count194
\leftroot@=\count195
LaTeX Info: Redefining \overline on input line 399.
LaTeX Info: Redefining \colon on input line 410.
\classnum@=\count196
\DOTSCASE@=\count197
LaTeX Info: Redefining \ldots on input line 496.
LaTeX Info: Redefining \dots on input line 499.
LaTeX Info: Redefining \cdots on input line 620.
\Mathstrutbox@=\box51
\strutbox@=\box52
LaTeX Info: Redefining \big on input line 722.
LaTeX Info: Redefining \Big on input line 723.
LaTeX Info: Redefining \bigg on input line 724.
LaTeX Info: Redefining \Bigg on input line 725.
\big@size=\dimen145
LaTeX Font Info:    Redeclaring font encoding OML on input line 743.
LaTeX Font Info:    Redeclaring font encoding OMS on input line 744.
\macc@depth=\count198
LaTeX Info: Redefining \bmod on input line 905.
LaTeX Info: Redefining \pmod on input line 910.
LaTeX Info: Redefining \smash on input line 940.
LaTeX Info: Redefining \relbar on input line 970.
LaTeX Info: Redefining \Relbar on input line 971.
\c@MaxMatrixCols=\count199
\dotsspace@=\muskip16
\c@parentequation=\count266
\dspbrk@lvl=\count267
\tag@help=\toks18
\row@=\count268
\column@=\count269
\maxfields@=\count270
\andhelp@=\toks19
\eqnshift@=\dimen146
\alignsep@=\dimen147
\tagshift@=\dimen148
\tagwidth@=\dimen149
\totwidth@=\dimen150
\lineht@=\dimen151
\@envbody=\toks20
\multlinegap=\skip51
\multlinetaggap=\skip52
\mathdisplay@stack=\toks21
LaTeX Info: Redefining \[ on input line 2953.
LaTeX Info: Redefining \] on input line 2954.
)
(Please type a command or say `\end')
*
(Please type a command or say `\end')
*\usepackage{amssymb}

*
(/usr/local/texlive/2022/texmf-dist/tex/latex/amsfonts/amssymb.sty
Package: amssymb 2013/01/14 v3.01 AMS font symbols

(/usr/local/texlive/2022/texmf-dist/tex/latex/amsfonts/amsfonts.sty
Package: amsfonts 2013/01/14 v3.01 Basic AMSFonts support
\symAMSa=\mathgroup4
\symAMSb=\mathgroup5
LaTeX Font Info:    Redeclaring math symbol \hbar on input line 98.
LaTeX Font Info:    Overwriting math alphabet `\mathfrak' in version `bold'
(Font)                  U/euf/m/n --> U/euf/b/n on input line 106.
))
(Please type a command or say `\end')
*
(Please type a command or say `\end')
*\newbox\ASYbox
\ASYbox=\box53

*\newdimen\ASYdimen
\ASYdimen=\dimen152

*\def\ASYprefix{}

*\long\def\ASYbase#1#2{\leavevmode\setbox\ASYbox=\hbox{#1}%\ASYdimen=\ht\ASYbox
%

*\setbox\ASYbox=\hbox{#2}\lower\ASYdimen\box\ASYbox}

*\makeatletter

*\def\Ginclude@eps#1{%

* \message{<#1>}%

*  \bgroup

*  \def\@tempa{!}%

*  \dimen@\Gin@req@width

*  \dimen@ii.1bp%

*  \divide\dimen@\dimen@ii

*  \@tempdima\Gin@req@height

*  \divide\@tempdima\dimen@ii

*    \special{PSfile=#1\space

*      llx=\Gin@llx\space

*      lly=\Gin@lly\space

*      urx=\Gin@urx\space

*      ury=\Gin@ury\space

*      \ifx\Gin@scalex\@tempa\else rwi=\number\dimen@\space\fi

*      \ifx\Gin@scaley\@tempa\else rhi=\number\@tempdima\space\fi

*      \ifGin@clip clip\fi}%

*  \egroup}

*\makeatother

*\begin{document}
(/usr/local/texlive/2022/texmf-dist/tex/latex/l3backend/l3backend-dvips.def
File: l3backend-dvips.def 2023-01-16 L3 backend support: dvips
\l__pdf_internal_box=\box54
\g__pdf_backend_object_int=\count271
\l__pdf_backend_content_box=\box55
\l__pdf_backend_model_box=\box56
\g__pdf_backend_annotation_int=\count272
\g__pdf_backend_link_int=\count273
\g__pdf_backend_link_sf_int=\count274
)
No file main.aux.
\openout1 = `main.aux'.

LaTeX Font Info:    Checking defaults for OML/cmm/m/it on input line 0.
LaTeX Font Info:    ... okay on input line 0.
LaTeX Font Info:    Checking defaults for OMS/cmsy/m/n on input line 0.
LaTeX Font Info:    ... okay on input line 0.
LaTeX Font Info:    Checking defaults for OT1/cmr/m/n on input line 0.
LaTeX Font Info:    ... okay on input line 0.
LaTeX Font Info:    Checking defaults for T1/cmr/m/n on input line 0.
LaTeX Font Info:    ... okay on input line 0.
LaTeX Font Info:    Checking defaults for TS1/cmr/m/n on input line 0.
LaTeX Font Info:    ... okay on input line 0.
LaTeX Font Info:    Checking defaults for OMX/cmex/m/n on input line 0.
LaTeX Font Info:    ... okay on input line 0.
LaTeX Font Info:    Checking defaults for U/cmr/m/n on input line 0.
LaTeX Font Info:    ... okay on input line 0.

*\makeatletter%

*\let\ASYencoding\f@encoding%

*\let\ASYfamily\f@family%

*\let\ASYseries\f@series%

*\let\ASYshape\f@shape%

*\makeatother%

*\fontsize{11.0412}{13.2495}\selectfont%

*
(Please type a command or say `\end')
*\usefont{\ASYencoding}{\ASYfamily}{\ASYseries}{\ASYshape}%

*
(Please type a command or say `\end')
*\setbox\ASYbox=\hbox{\(\)}
LaTeX Font Info:    Calculating math sizes for size <11.0412> on input line 0.

LaTeX Font Warning: Font shape `OT1/cmr/m/n' in size <5.5206> not available
(Font)              size <6> substituted on input line 0.


LaTeX Font Warning: Font shape `OML/cmm/m/it' in size <5.5206> not available
(Font)              size <6> substituted on input line 0.


LaTeX Font Warning: Font shape `OMS/cmsy/m/n' in size <5.5206> not available
(Font)              size <6> substituted on input line 0.

LaTeX Font Info:    Trying to load font information for U+msa on input line 0.
(/usr/local/texlive/2022/texmf-dist/tex/latex/amsfonts/umsa.fd
File: umsa.fd 2013/01/14 v3.01 AMS symbols A
)
LaTeX Font Info:    Trying to load font information for U+msb on input line 0.

(/usr/local/texlive/2022/texmf-dist/tex/latex/amsfonts/umsb.fd
File: umsb.fd 2013/01/14 v3.01 AMS symbols B
)
*
(Please type a command or say `\end')
*\immediate\write16{>dim(\the\wd\ASYbox)dim}
>dim(0.0pt)dim

