\BOOKMARK [1][-]{section.1}{\376\377\000I\000n\000t\000r\000o\000d\000u\000c\000t\000i\000o\000n}{}% 1
\BOOKMARK [2][-]{subsection.1.1}{\376\377\000S\000t\000a\000r\000t\000i\000n\000g\000\040\000f\000r\000o\000m\000\040\000p\000r\000o\000b\000a\000b\000l\000i\000s\000t\000i\000c\000s}{section.1}% 2
\BOOKMARK [2][-]{subsection.1.2}{\376\377\000W\000h\000a\000t\000\040\000i\000s\000\040\000m\000e\000a\000s\000u\000r\000e\000\040\000t\000h\000e\000o\000r\000y\000?}{section.1}% 3
\BOOKMARK [1][-]{section.2}{\376\377\000M\000e\000a\000s\000u\000r\000e\000\040\000s\000p\000a\000c\000e\000s\000\040\000a\000n\000d\000\040\000m\000e\000a\000s\000u\000r\000a\000b\000l\000e\000\040\000m\000a\000p\000s}{}% 4
\BOOKMARK [2][-]{subsection.2.1}{\376\377\000S\000e\000t\000s\000\040\000a\000n\000d\000\040\000s\000e\000t\000\040\000o\000p\000e\000r\000a\000t\000i\000o\000n\000s}{section.2}% 5
\BOOKMARK [2][-]{subsection.2.2}{\376\377\000F\000a\000m\000i\000l\000i\000e\000s\000\040\000o\000f\000\040\000s\000e\000t\000s}{section.2}% 6
\BOOKMARK [2][-]{subsection.2.3}{\376\377\000G\000e\000n\000e\000r\000a\000t\000i\000o\000n\000\040\000o\000f\000\040\000-\000a\000l\000g\000e\000b\000r\000a\000s}{section.2}% 7
\BOOKMARK [2][-]{subsection.2.4}{\376\377\000M\000e\000a\000s\000u\000r\000a\000b\000l\000e\000\040\000m\000a\000p\000s\000\040\000a\000n\000d\000\040\000m\000e\000a\000s\000u\000r\000a\000b\000l\000e\000\040\000f\000u\000n\000c\000t\000i\000o\000n\000s}{section.2}% 8
\BOOKMARK [1][-]{section.3}{\376\377\000M\000e\000a\000s\000u\000r\000e\000\040\000s\000p\000a\000c\000e\000s}{}% 9
\BOOKMARK [2][-]{subsection.3.1}{\376\377\000T\000h\000e\000\040\000d\000e\000f\000i\000n\000i\000t\000i\000o\000n\000\040\000o\000f\000\040\000m\000e\000a\000s\000u\000r\000e\000\040\000a\000n\000d\000\040\000i\000t\000s\000\040\000p\000r\000o\000p\000e\000r\000t\000i\000e\000s}{section.3}% 10
\BOOKMARK [2][-]{subsection.3.2}{\376\377\000O\000u\000t\000e\000r\000\040\000m\000e\000a\000s\000u\000r\000e}{section.3}% 11
\BOOKMARK [2][-]{subsection.3.3}{\376\377\000M\000e\000a\000s\000u\000r\000e\000\040\000e\000x\000t\000e\000n\000s\000i\000o\000n}{section.3}% 12
\BOOKMARK [2][-]{subsection.3.4}{\376\377\000T\000h\000e\000\040\000c\000o\000m\000p\000l\000e\000t\000i\000o\000n\000\040\000o\000f\000\040\000m\000e\000a\000s\000u\000r\000e\000\040\000s\000p\000a\000c\000e\000s}{section.3}% 13
\BOOKMARK [2][-]{subsection.3.5}{\376\377\000D\000i\000s\000t\000r\000i\000b\000u\000t\000i\000o\000n\000s}{section.3}% 14
\BOOKMARK [2][-]{subsection.3.6}{\376\377\000T\000h\000e\000\040\000c\000o\000n\000v\000e\000r\000g\000e\000n\000c\000e\000\040\000o\000f\000\040\000m\000e\000a\000s\000u\000r\000a\000b\000l\000e\000\040\000f\000u\000n\000c\000t\000i\000o\000n\000s}{section.3}% 15
\BOOKMARK [2][-]{subsection.3.7}{\376\377\000P\000r\000o\000b\000a\000b\000i\000l\000i\000t\000y\000\040\000s\000p\000a\000c\000e}{section.3}% 16
\BOOKMARK [2][-]{subsection.3.8}{\376\377\000R\000e\000v\000i\000e\000w\000\040\000o\000f\000\040\000f\000i\000r\000s\000t\000\040\000t\000w\000o\000\040\000s\000e\000c\000t\000i\000o\000n\000s}{section.3}% 17
\BOOKMARK [1][-]{section.4}{\376\377\000I\000n\000t\000e\000g\000r\000a\000l\000s}{}% 18
\BOOKMARK [2][-]{subsection.4.1}{\376\377\000D\000e\000f\000i\000n\000i\000t\000i\000o\000n\000\040\000o\000f\000\040\000I\000n\000t\000e\000g\000r\000a\000l\000s}{section.4}% 19
\BOOKMARK [2][-]{subsection.4.2}{\376\377\000P\000r\000o\000p\000e\000r\000t\000i\000e\000s\000\040\000o\000f\000\040\000i\000n\000t\000e\000g\000r\000a\000l\000s}{section.4}% 20
\BOOKMARK [2][-]{subsection.4.3}{\376\377\000C\000o\000n\000v\000e\000r\000g\000e\000n\000c\000e\000\040\000t\000h\000e\000o\000r\000e\000m\000s}{section.4}% 21
\BOOKMARK [2][-]{subsection.4.4}{\376\377\000E\000x\000p\000e\000c\000t\000a\000t\000i\000o\000n\000s}{section.4}% 22
\BOOKMARK [2][-]{subsection.4.5}{\376\377\000L\000p\000\040\000s\000p\000a\000c\000e\000s}{section.4}% 23
\BOOKMARK [2][-]{subsection.4.6}{\376\377\000C\000o\000n\000v\000e\000r\000g\000e\000n\000c\000e\000\040\000i\000n\000\040\000L\000p\000\040\000s\000p\000a\000c\000e}{section.4}% 24
\BOOKMARK [2][-]{subsection.4.7}{\376\377\000I\000n\000t\000e\000g\000r\000a\000l\000s\000\040\000i\000n\000\040\000p\000r\000o\000b\000a\000b\000i\000l\000i\000t\000y\000\040\000s\000p\000a\000c\000e}{section.4}% 25
\BOOKMARK [1][-]{section.5}{\376\377\000S\000i\000g\000n\000e\000d\000\040\000m\000e\000a\000s\000u\000r\000e}{}% 26
\BOOKMARK [2][-]{subsection.5.1}{\376\377\000D\000e\000f\000i\000n\000i\000t\000i\000o\000n\000s}{section.5}% 27
\BOOKMARK [2][-]{subsection.5.2}{\376\377\000H\000a\000h\000n\000\040\000d\000e\000c\000o\000m\000p\000o\000s\000i\000t\000i\000o\000n\000\040\000a\000n\000d\000\040\000J\000o\000r\000d\000a\000n\000\040\000d\000e\000c\000o\000m\000p\000o\000s\000i\000t\000i\000o\000n}{section.5}% 28
\BOOKMARK [2][-]{subsection.5.3}{\376\377\000R\000a\000d\000o\000n\000-\000N\000i\000k\000o\000d\000y\000m\000\040\000t\000h\000e\000o\000r\000e\000m}{section.5}% 29
\BOOKMARK [2][-]{subsection.5.4}{\376\377\000T\000h\000e\000\040\000d\000u\000a\000l\000\040\000s\000p\000a\000c\000e\000\040\000o\000f\000\040\000L\000p}{section.5}% 30
\BOOKMARK [2][-]{subsection.5.5}{\376\377\000L\000e\000b\000e\000s\000g\000u\000e\000\040\000d\000e\000c\000o\000m\000p\000o\000s\000i\000t\000i\000o\000n}{section.5}% 31
\BOOKMARK [2][-]{subsection.5.6}{\376\377\000C\000o\000n\000d\000i\000t\000i\000o\000n\000a\000l\000\040\000e\000x\000p\000e\000c\000t\000a\000t\000i\000o\000n\000s}{section.5}% 32
\BOOKMARK [2][-]{subsection.5.7}{\376\377\000R\000e\000g\000u\000l\000a\000r\000\040\000c\000o\000n\000d\000i\000t\000i\000o\000n\000a\000l\000\040\000d\000i\000s\000t\000r\000i\000b\000u\000t\000i\000o\000n}{section.5}% 33
\BOOKMARK [1][-]{section.6}{\376\377\000P\000r\000o\000d\000u\000c\000t\000\040\000s\000p\000a\000c\000e\000s}{}% 34
\BOOKMARK [2][-]{subsection.6.1}{\376\377\000F\000i\000n\000i\000t\000e\000\040\000d\000i\000m\000e\000n\000s\000i\000o\000n\000a\000l\000\040\000p\000r\000o\000d\000u\000c\000t\000\040\000s\000p\000a\000c\000e\000s\000\040\000\050\000s\000k\000i\000p\000p\000e\000d\000\051}{section.6}% 35
\BOOKMARK [2][-]{subsection.6.2}{\376\377\000C\000o\000u\000n\000t\000a\000b\000l\000e\000\040\000d\000i\000m\000e\000n\000s\000i\000o\000n\000a\000l\000\040\000p\000r\000o\000d\000u\000c\000t\000\040\000s\000p\000a\000c\000e}{section.6}% 36
\BOOKMARK [2][-]{subsection.6.3}{\376\377\000A\000r\000b\000i\000t\000a\000r\000y\000\040\000i\000n\000f\000i\000n\000i\000t\000e\000\040\000d\000i\000m\000e\000n\000s\000i\000o\000n\000a\000l\000\040\000p\000r\000o\000d\000u\000c\000t\000\040\000s\000p\000a\000c\000e}{section.6}% 37
\BOOKMARK [1][-]{section.7}{\376\377\000R\000e\000v\000i\000e\000w}{}% 38
